
Variable 'r' was not initialized prior to being used
Variable 'END_OF_FILE' was not initialized prior to being used
Row and/or column partition is empty. All the data will be used by default.
Model JCfull assigned to t1
Branch parameter of t1 set to :0.25
Model JCfull assigned to t2
Branch parameter of t2 set to :0.25
One branch tree supplied - hopefully this IS what you meant to do.
Rooted tree. Removing one branch - the left root child has been promoted to be the new root
Partition  reversible model flag computed as 1
Variable 'full_ln_likfn' was not initialized prior to being used
Set GUI update interval to every 1461-th LF evaluation.
Optimization settings:
	OPTIMIZATION_METHOD = 4
	OPTIMIZATION_PRECISION = 0.001
	MAXIMUM_ITERATIONS_PER_VARIABLE = 5000

Initial parameter values

full_tree.t2.t = 0.1
Internal error in _LikelihoodFunction::ConjugateGradientDescent. The function evaluated at current parameter values [-28794.85414711821] does not match the last recorded LF maximum [-28794.85414710006]
Optimization finished in 4 loop passes.
55 likelihood evaluation calls and 48 matrix exponentiations calls were made

Row and/or column partition is empty. All the data will be used by default.
Model JCsite assigned to t1
Branch parameter of t1 set to :0.25
Model JCsite assigned to t2
Branch parameter of t2 set to :0.25
One branch tree supplied - hopefully this IS what you meant to do.
Rooted tree. Removing one branch - the left root child has been promoted to be the new root
Partition  reversible model flag computed as 1

ReplicateConstraint generated the following contsraints:
site_tree.t2.t:=full_tree.t2.t__;

Variable 'site_ln_likfn' was not initialized prior to being used
Set GUI update interval to every 6493-th LF evaluation.
Optimization settings:
	OPTIMIZATION_METHOD = 4
	OPTIMIZATION_PRECISION = 0.001
	MAXIMUM_ITERATIONS_PER_VARIABLE = 5000

Initial parameter values

r = 0.1582692558547178
Internal error in _LikelihoodFunction::ConjugateGradientDescent. The function evaluated at current parameter values [-5989.591816911699] does not match the last recorded LF maximum [-5989.561833717842]
Internal error in _LikelihoodFunction::ConjugateGradientDescent. The function evaluated at current parameter values [-5989.561833745127] does not match the last recorded LF maximum [-5989.561833717839]
Optimization finished in 8 loop passes.
130 likelihood evaluation calls and 121 matrix exponentiations calls were made

Row and/or column partition is empty. All the data will be used by default.
Model JCsite assigned to t1
Branch parameter of t1 set to :0.25
Model JCsite assigned to t2
Branch parameter of t2 set to :0.25
One branch tree supplied - hopefully this IS what you meant to do.
Rooted tree. Removing one branch - the left root child has been promoted to be the new root
Partition  reversible model flag computed as 1

ReplicateConstraint generated the following contsraints:
site_tree.t2.t:=full_tree.t2.t__;

Set GUI update interval to every 988-th LF evaluation.
Optimization settings:
	OPTIMIZATION_METHOD = 4
	OPTIMIZATION_PRECISION = 0.001
	MAXIMUM_ITERATIONS_PER_VARIABLE = 5000

Initial parameter values

r = 0.1754250082130137
Internal error in _LikelihoodFunction::ConjugateGradientDescent. The function evaluated at current parameter values [-5768.239810195574] does not match the last recorded LF maximum [-5768.239810195548]
Optimization finished in 4 loop passes.
56 likelihood evaluation calls and 51 matrix exponentiations calls were made

Row and/or column partition is empty. All the data will be used by default.
Model JCsite assigned to t1
Branch parameter of t1 set to :0.25
Model JCsite assigned to t2
Branch parameter of t2 set to :0.25
One branch tree supplied - hopefully this IS what you meant to do.
Rooted tree. Removing one branch - the left root child has been promoted to be the new root
Partition  reversible model flag computed as 1

ReplicateConstraint generated the following contsraints:
site_tree.t2.t:=full_tree.t2.t__;

Set GUI update interval to every 1012-th LF evaluation.
Optimization settings:
	OPTIMIZATION_METHOD = 4
	OPTIMIZATION_PRECISION = 0.001
	MAXIMUM_ITERATIONS_PER_VARIABLE = 5000

Initial parameter values

r = 0.1668253850347422
Internal error in _LikelihoodFunction::ConjugateGradientDescent. The function evaluated at current parameter values [-5988.049672575107] does not match the last recorded LF maximum [-5988.049506177894]
Optimization finished in 4 loop passes.
77 likelihood evaluation calls and 73 matrix exponentiations calls were made

Row and/or column partition is empty. All the data will be used by default.
Model JCsite assigned to t1
Branch parameter of t1 set to :0.25
Model JCsite assigned to t2
Branch parameter of t2 set to :0.25
One branch tree supplied - hopefully this IS what you meant to do.
Rooted tree. Removing one branch - the left root child has been promoted to be the new root
Partition  reversible model flag computed as 1

ReplicateConstraint generated the following contsraints:
site_tree.t2.t:=full_tree.t2.t__;

Set GUI update interval to every 678-th LF evaluation.
Optimization settings:
	OPTIMIZATION_METHOD = 4
	OPTIMIZATION_PRECISION = 0.001
	MAXIMUM_ITERATIONS_PER_VARIABLE = 5000

Initial parameter values

r = 0.1508818042583023
Internal error in _LikelihoodFunction::ConjugateGradientDescent. The function evaluated at current parameter values [-5990.054595030128] does not match the last recorded LF maximum [-5990.051530953595]
Internal error in _LikelihoodFunction::ConjugateGradientDescent. The function evaluated at current parameter values [-5990.051530976963] does not match the last recorded LF maximum [-5990.051530953597]
Optimization finished in 8 loop passes.
129 likelihood evaluation calls and 118 matrix exponentiations calls were made

Row and/or column partition is empty. All the data will be used by default.
Model JCsite assigned to t1
Branch parameter of t1 set to :0.25
Model JCsite assigned to t2
Branch parameter of t2 set to :0.25
One branch tree supplied - hopefully this IS what you meant to do.
Rooted tree. Removing one branch - the left root child has been promoted to be the new root
Partition  reversible model flag computed as 1

ReplicateConstraint generated the following contsraints:
site_tree.t2.t:=full_tree.t2.t__;

Set GUI update interval to every 1265-th LF evaluation.
Optimization settings:
	OPTIMIZATION_METHOD = 4
	OPTIMIZATION_PRECISION = 0.001
	MAXIMUM_ITERATIONS_PER_VARIABLE = 5000

Initial parameter values

r = 0.1623706011013991
Internal error in _LikelihoodFunction::ConjugateGradientDescent. The function evaluated at current parameter values [-3970.237245175899] does not match the last recorded LF maximum [-3970.237029921367]
Optimization finished in 4 loop passes.
78 likelihood evaluation calls and 72 matrix exponentiations calls were made
